<?xml version="1.0" encoding="UTF-8"?>
<!-- Generated by org.testng.reporters.JUnitReportReporter -->
<testsuite skipped="0" hostname="RSI1551" name="com.testautomation.TestRunner.TestRunner" tests="1" failures="0" timestamp="2020-03-09T18:15:32 BRT" time="47.045" errors="0">
  <testcase name="feature" time="47.045" classname="com.testautomation.TestRunner.TestRunner"/>
  <system-out/>
</testsuite> <!-- com.testautomation.TestRunner.TestRunner -->
